2021-07-20 14:57:54,978 [main.py         | 49] INFO: Start to run instance_30
2021-07-20 14:57:54,979 [simulate_api.py | 60] INFO: Start time of the simulator: 2021-07-20 00:00:00, time interval:  600.00
2021-07-20 14:57:54,994 [input_utils.py  | 48] INFO: Get 154 factories
2021-07-20 14:57:57,223 [input_utils.py  | 52] INFO: Get 23562 routes
2021-07-20 14:57:57,246 [input_utils.py  | 57] INFO: Get 20 vehicles
2021-07-20 14:57:57,347 [input_utils.py  | 61] INFO: Get 500 orders
2021-07-20 14:57:57,347 [simulate_api.py | 87] INFO: Initial position of V_1 is e2d5093fbe36431f8986ddb0e1c586be
2021-07-20 14:57:57,347 [simulate_api.py | 87] INFO: Initial position of V_2 is 7fe14b93f0f04ee7a994ef5b2c1fdb72
2021-07-20 14:57:57,347 [simulate_api.py | 87] INFO: Initial position of V_3 is fa366fc87a124d32926daa5bb093129f
2021-07-20 14:57:57,347 [simulate_api.py | 87] INFO: Initial position of V_4 is e47399648fa842b2b8f80094343d8091
2021-07-20 14:57:57,347 [simulate_api.py | 87] INFO: Initial position of V_5 is becb4f85393540b287e7329758b8d832
2021-07-20 14:57:57,347 [simulate_api.py | 87] INFO: Initial position of V_6 is 7fb0acc4e2634440ba26a7ebc0040dc2
2021-07-20 14:57:57,347 [simulate_api.py | 87] INFO: Initial position of V_7 is 6380b13f12984a08a4994fb4c126215b
2021-07-20 14:57:57,347 [simulate_api.py | 87] INFO: Initial position of V_8 is 449b516ba21b4270ac1ea1b13a89514c
2021-07-20 14:57:57,347 [simulate_api.py | 87] INFO: Initial position of V_9 is c174cfe9fcbf4f1b82095941a49f7bd9
2021-07-20 14:57:57,347 [simulate_api.py | 87] INFO: Initial position of V_10 is c0979c05f2c44e6fa7c5e42ae9aa977e
2021-07-20 14:57:57,347 [simulate_api.py | 87] INFO: Initial position of V_11 is 4a85fbdd319140dd83f55766289d365f
2021-07-20 14:57:57,348 [simulate_api.py | 87] INFO: Initial position of V_12 is 61a68b6b728b4413ba6a0f695091579c
2021-07-20 14:57:57,348 [simulate_api.py | 87] INFO: Initial position of V_13 is 76d691d6054f42d48f27e16806928020
2021-07-20 14:57:57,348 [simulate_api.py | 87] INFO: Initial position of V_14 is 433544a316b84100a11a703f1b99494a
2021-07-20 14:57:57,348 [simulate_api.py | 87] INFO: Initial position of V_15 is 680ee12255ad415ab7838647f138778e
2021-07-20 14:57:57,348 [simulate_api.py | 87] INFO: Initial position of V_16 is 433544a316b84100a11a703f1b99494a
2021-07-20 14:57:57,348 [simulate_api.py | 87] INFO: Initial position of V_17 is 8479328003a8427ca68b7600f0ac7045
2021-07-20 14:57:57,348 [simulate_api.py | 87] INFO: Initial position of V_18 is 9b8851cf57f944c6b168ec887558ffaa
2021-07-20 14:57:57,348 [simulate_api.py | 87] INFO: Initial position of V_19 is 433901c139d54522a8f3790b07a335e5
2021-07-20 14:57:57,348 [simulate_api.py | 87] INFO: Initial position of V_20 is a6d6e6a52a0044e99991fc8fb0248027
2021-07-20 14:57:57,349 [simulate_environment.py | 104] INFO: **************************************************
2021-07-20 14:57:57,349 [simulate_environment.py | 108] INFO: cur time: 2021-07-20 00:10:00, pre time: 2021-07-20 00:00:00
2021-07-20 14:57:57,349 [simulate_environment.py | 146] INFO: Start to update the input of 2021-07-20 00:10:00
2021-07-20 14:57:57,350 [simulate_environment.py | 173] INFO: Get 6 unallocated order items, 0 ongoing order items, 0 completed order items
2021-07-20 14:57:57,455 [simulate_environment.py | 298] INFO: 2021-07-20 00:10:00, Item 0001210001-1: state = 1 < 2, we can not finish the simulation
2021-07-20 14:57:57,455 [simulate_environment.py | 104] INFO: **************************************************
2021-07-20 14:57:57,455 [simulate_environment.py | 108] INFO: cur time: 2021-07-20 00:20:00, pre time: 2021-07-20 00:10:00
2021-07-20 14:57:57,455 [simulate_environment.py | 146] INFO: Start to update the input of 2021-07-20 00:20:00
2021-07-20 14:57:57,457 [simulate_environment.py | 173] INFO: Get 8 unallocated order items, 5 ongoing order items, 0 completed order items
2021-07-20 14:57:57,579 [simulate_environment.py | 298] INFO: 2021-07-20 00:20:00, Item 0004280003-1: state = 1 < 2, we can not finish the simulation
2021-07-20 14:57:57,579 [simulate_environment.py | 104] INFO: **************************************************
2021-07-20 14:57:57,579 [simulate_environment.py | 108] INFO: cur time: 2021-07-20 00:30:00, pre time: 2021-07-20 00:20:00
2021-07-20 14:57:57,579 [simulate_environment.py | 146] INFO: Start to update the input of 2021-07-20 00:30:00
2021-07-20 14:57:57,581 [simulate_environment.py | 173] INFO: Get 21 unallocated order items, 6 ongoing order items, 0 completed order items
2021-07-20 14:57:57,823 [simulate_environment.py | 298] INFO: 2021-07-20 00:30:00, Item 0004280003-1: state = 1 < 2, we can not finish the simulation
2021-07-20 14:57:57,823 [simulate_environment.py | 104] INFO: **************************************************
2021-07-20 14:57:57,823 [simulate_environment.py | 108] INFO: cur time: 2021-07-20 00:40:00, pre time: 2021-07-20 00:30:00
2021-07-20 14:57:57,823 [simulate_environment.py | 146] INFO: Start to update the input of 2021-07-20 00:40:00
2021-07-20 14:57:57,825 [simulate_environment.py | 173] INFO: Get 18 unallocated order items, 18 ongoing order items, 0 completed order items
2021-07-20 14:57:58,119 [simulate_environment.py | 298] INFO: 2021-07-20 00:40:00, Item 0018150008-1: state = 1 < 2, we can not finish the simulation
2021-07-20 14:57:58,120 [simulate_environment.py | 104] INFO: **************************************************
2021-07-20 14:57:58,120 [simulate_environment.py | 108] INFO: cur time: 2021-07-20 00:50:00, pre time: 2021-07-20 00:40:00
2021-07-20 14:57:58,120 [simulate_environment.py | 146] INFO: Start to update the input of 2021-07-20 00:50:00
2021-07-20 14:57:58,122 [simulate_environment.py | 173] INFO: Get 13 unallocated order items, 22 ongoing order items, 4 completed order items
2021-07-20 14:57:58,400 [simulate_environment.py | 298] INFO: 2021-07-20 00:50:00, Item 0024420010-1: state = 1 < 2, we can not finish the simulation
2021-07-20 14:57:58,400 [simulate_environment.py | 104] INFO: **************************************************
2021-07-20 14:57:58,401 [simulate_environment.py | 108] INFO: cur time: 2021-07-20 01:00:00, pre time: 2021-07-20 00:50:00
2021-07-20 14:57:58,401 [simulate_environment.py | 146] INFO: Start to update the input of 2021-07-20 01:00:00
2021-07-20 14:57:58,403 [simulate_environment.py | 173] INFO: Get 13 unallocated order items, 21 ongoing order items, 5 completed order items
2021-07-20 14:57:58,673 [simulate_environment.py | 298] INFO: 2021-07-20 01:00:00, Item 0024420010-1: state = 1 < 2, we can not finish the simulation
2021-07-20 14:57:58,673 [simulate_environment.py | 104] INFO: **************************************************
2021-07-20 14:57:58,673 [simulate_environment.py | 108] INFO: cur time: 2021-07-20 01:10:00, pre time: 2021-07-20 01:00:00
2021-07-20 14:57:58,673 [simulate_environment.py | 146] INFO: Start to update the input of 2021-07-20 01:10:00
2021-07-20 14:57:58,676 [simulate_environment.py | 173] INFO: Get 11 unallocated order items, 21 ongoing order items, 7 completed order items
2021-07-20 14:57:59,007 [simulate_environment.py | 298] INFO: 2021-07-20 01:10:00, Item 0024490012-1: state = 1 < 2, we can not finish the simulation
2021-07-20 14:57:59,008 [simulate_environment.py | 104] INFO: **************************************************
2021-07-20 14:57:59,008 [simulate_environment.py | 108] INFO: cur time: 2021-07-20 01:20:00, pre time: 2021-07-20 01:10:00
2021-07-20 14:57:59,008 [simulate_environment.py | 146] INFO: Start to update the input of 2021-07-20 01:20:00
2021-07-20 14:57:59,011 [simulate_environment.py | 173] INFO: Get 11 unallocated order items, 17 ongoing order items, 11 completed order items
2021-07-20 14:57:59,354 [simulate_environment.py | 298] INFO: 2021-07-20 01:20:00, Item 0024490012-1: state = 1 < 2, we can not finish the simulation
2021-07-20 14:57:59,355 [simulate_environment.py | 104] INFO: **************************************************
2021-07-20 14:57:59,356 [simulate_environment.py | 108] INFO: cur time: 2021-07-20 01:30:00, pre time: 2021-07-20 01:20:00
2021-07-20 14:57:59,356 [simulate_environment.py | 146] INFO: Start to update the input of 2021-07-20 01:30:00
2021-07-20 14:57:59,359 [simulate_environment.py | 173] INFO: Get 10 unallocated order items, 12 ongoing order items, 17 completed order items
2021-07-20 14:57:59,578 [simulate_environment.py | 298] INFO: 2021-07-20 01:30:00, Item 0024490012-1: state = 1 < 2, we can not finish the simulation
2021-07-20 14:57:59,579 [simulate_environment.py | 104] INFO: **************************************************
2021-07-20 14:57:59,579 [simulate_environment.py | 108] INFO: cur time: 2021-07-20 01:40:00, pre time: 2021-07-20 01:30:00
2021-07-20 14:57:59,579 [simulate_environment.py | 146] INFO: Start to update the input of 2021-07-20 01:40:00
2021-07-20 14:57:59,581 [simulate_environment.py | 173] INFO: Get 10 unallocated order items, 8 ongoing order items, 21 completed order items
2021-07-20 14:57:59,769 [simulate_environment.py | 298] INFO: 2021-07-20 01:40:00, Item 0024490012-1: state = 1 < 2, we can not finish the simulation
2021-07-20 14:57:59,769 [simulate_environment.py | 104] INFO: **************************************************
2021-07-20 14:57:59,769 [simulate_environment.py | 108] INFO: cur time: 2021-07-20 01:50:00, pre time: 2021-07-20 01:40:00
2021-07-20 14:57:59,769 [simulate_environment.py | 146] INFO: Start to update the input of 2021-07-20 01:50:00
2021-07-20 14:57:59,771 [simulate_environment.py | 173] INFO: Get 9 unallocated order items, 6 ongoing order items, 24 completed order items
2021-07-20 14:58:00,027 [simulate_environment.py | 298] INFO: 2021-07-20 01:50:00, Item 0033560020-1: state = 1 < 2, we can not finish the simulation
2021-07-20 14:58:00,027 [simulate_environment.py | 104] INFO: **************************************************
2021-07-20 14:58:00,027 [simulate_environment.py | 108] INFO: cur time: 2021-07-20 02:00:00, pre time: 2021-07-20 01:50:00
2021-07-20 14:58:00,027 [simulate_environment.py | 146] INFO: Start to update the input of 2021-07-20 02:00:00
2021-07-20 14:58:00,029 [simulate_environment.py | 173] INFO: Get 6 unallocated order items, 7 ongoing order items, 26 completed order items
2021-07-20 14:58:00,234 [simulate_environment.py | 298] INFO: 2021-07-20 02:00:00, Item 0036310022-1: state = 1 < 2, we can not finish the simulation
2021-07-20 14:58:00,234 [simulate_environment.py | 104] INFO: **************************************************
2021-07-20 14:58:00,235 [simulate_environment.py | 108] INFO: cur time: 2021-07-20 02:10:00, pre time: 2021-07-20 02:00:00
2021-07-20 14:58:00,235 [simulate_environment.py | 146] INFO: Start to update the input of 2021-07-20 02:10:00
2021-07-20 14:58:00,236 [simulate_environment.py | 173] INFO: Get 7 unallocated order items, 7 ongoing order items, 27 completed order items
2021-07-20 14:58:00,407 [simulate_environment.py | 298] INFO: 2021-07-20 02:10:00, Item 0036310022-1: state = 1 < 2, we can not finish the simulation
2021-07-20 14:58:00,407 [simulate_environment.py | 104] INFO: **************************************************
2021-07-20 14:58:00,407 [simulate_environment.py | 108] INFO: cur time: 2021-07-20 02:20:00, pre time: 2021-07-20 02:10:00
2021-07-20 14:58:00,407 [simulate_environment.py | 146] INFO: Start to update the input of 2021-07-20 02:20:00
2021-07-20 14:58:00,409 [simulate_environment.py | 173] INFO: Get 8 unallocated order items, 8 ongoing order items, 27 completed order items
2021-07-20 14:58:00,604 [simulate_environment.py | 298] INFO: 2021-07-20 02:20:00, Item 0036310022-1: state = 1 < 2, we can not finish the simulation
2021-07-20 14:58:00,604 [simulate_environment.py | 104] INFO: **************************************************
2021-07-20 14:58:00,604 [simulate_environment.py | 108] INFO: cur time: 2021-07-20 02:30:00, pre time: 2021-07-20 02:20:00
2021-07-20 14:58:00,604 [simulate_environment.py | 146] INFO: Start to update the input of 2021-07-20 02:30:00
2021-07-20 14:58:00,607 [simulate_environment.py | 173] INFO: Get 7 unallocated order items, 12 ongoing order items, 28 completed order items
2021-07-20 14:58:00,878 [simulate_environment.py | 298] INFO: 2021-07-20 02:30:00, Item 0203230027-1: state = 1 < 2, we can not finish the simulation
2021-07-20 14:58:00,879 [simulate_environment.py | 104] INFO: **************************************************
2021-07-20 14:58:00,879 [simulate_environment.py | 108] INFO: cur time: 2021-07-20 02:40:00, pre time: 2021-07-20 02:30:00
2021-07-20 14:58:00,879 [simulate_environment.py | 146] INFO: Start to update the input of 2021-07-20 02:40:00
2021-07-20 14:58:00,881 [simulate_environment.py | 173] INFO: Get 7 unallocated order items, 10 ongoing order items, 31 completed order items
2021-07-20 14:58:01,118 [simulate_environment.py | 298] INFO: 2021-07-20 02:40:00, Item 0203230027-1: state = 1 < 2, we can not finish the simulation
2021-07-20 14:58:01,119 [simulate_environment.py | 104] INFO: **************************************************
2021-07-20 14:58:01,119 [simulate_environment.py | 108] INFO: cur time: 2021-07-20 02:50:00, pre time: 2021-07-20 02:40:00
2021-07-20 14:58:01,119 [simulate_environment.py | 146] INFO: Start to update the input of 2021-07-20 02:50:00
2021-07-20 14:58:01,121 [simulate_environment.py | 173] INFO: Get 6 unallocated order items, 10 ongoing order items, 33 completed order items
2021-07-20 14:58:01,310 [simulate_environment.py | 298] INFO: 2021-07-20 02:50:00, Item 0203230027-1: state = 1 < 2, we can not finish the simulation
2021-07-20 14:58:01,311 [simulate_environment.py | 104] INFO: **************************************************
2021-07-20 14:58:01,312 [simulate_environment.py | 108] INFO: cur time: 2021-07-20 03:00:00, pre time: 2021-07-20 02:50:00
2021-07-20 14:58:01,312 [simulate_environment.py | 146] INFO: Start to update the input of 2021-07-20 03:00:00
2021-07-20 14:58:01,314 [simulate_environment.py | 173] INFO: Get 6 unallocated order items, 8 ongoing order items, 35 completed order items
2021-07-20 14:58:01,515 [simulate_environment.py | 298] INFO: 2021-07-20 03:00:00, Item 0203230027-1: state = 1 < 2, we can not finish the simulation
2021-07-20 14:58:01,516 [simulate_environment.py | 104] INFO: **************************************************
2021-07-20 14:58:01,516 [simulate_environment.py | 108] INFO: cur time: 2021-07-20 03:10:00, pre time: 2021-07-20 03:00:00
2021-07-20 14:58:01,516 [simulate_environment.py | 146] INFO: Start to update the input of 2021-07-20 03:10:00
2021-07-20 14:58:01,519 [simulate_environment.py | 173] INFO: Get 9 unallocated order items, 10 ongoing order items, 35 completed order items
2021-07-20 14:58:01,745 [simulate_environment.py | 298] INFO: 2021-07-20 03:10:00, Item 0203230027-1: state = 1 < 2, we can not finish the simulation
2021-07-20 14:58:01,745 [simulate_environment.py | 104] INFO: **************************************************
2021-07-20 14:58:01,745 [simulate_environment.py | 108] INFO: cur time: 2021-07-20 03:20:00, pre time: 2021-07-20 03:10:00
2021-07-20 14:58:01,745 [simulate_environment.py | 146] INFO: Start to update the input of 2021-07-20 03:20:00
2021-07-20 14:58:01,748 [simulate_environment.py | 173] INFO: Get 9 unallocated order items, 8 ongoing order items, 40 completed order items
2021-07-20 14:58:01,921 [simulate_environment.py | 298] INFO: 2021-07-20 03:20:00, Item 0209340028-1: state = 1 < 2, we can not finish the simulation
2021-07-20 14:58:01,922 [simulate_environment.py | 104] INFO: **************************************************
2021-07-20 14:58:01,922 [simulate_environment.py | 108] INFO: cur time: 2021-07-20 03:30:00, pre time: 2021-07-20 03:20:00
2021-07-20 14:58:01,922 [simulate_environment.py | 146] INFO: Start to update the input of 2021-07-20 03:30:00
2021-07-20 14:58:01,924 [simulate_environment.py | 173] INFO: Get 13 unallocated order items, 8 ongoing order items, 41 completed order items
2021-07-20 14:58:02,195 [simulate_environment.py | 298] INFO: 2021-07-20 03:30:00, Item 0209340028-1: state = 1 < 2, we can not finish the simulation
2021-07-20 14:58:02,196 [simulate_environment.py | 104] INFO: **************************************************
2021-07-20 14:58:02,196 [simulate_environment.py | 108] INFO: cur time: 2021-07-20 03:40:00, pre time: 2021-07-20 03:30:00
2021-07-20 14:58:02,196 [simulate_environment.py | 146] INFO: Start to update the input of 2021-07-20 03:40:00
2021-07-20 14:58:02,198 [simulate_environment.py | 173] INFO: Get 8 unallocated order items, 15 ongoing order items, 43 completed order items
2021-07-20 14:58:02,417 [simulate_environment.py | 298] INFO: 2021-07-20 03:40:00, Item 0214070030-1: state = 1 < 2, we can not finish the simulation
2021-07-20 14:58:02,418 [simulate_environment.py | 104] INFO: **************************************************
2021-07-20 14:58:02,418 [simulate_environment.py | 108] INFO: cur time: 2021-07-20 03:50:00, pre time: 2021-07-20 03:40:00
2021-07-20 14:58:02,418 [simulate_environment.py | 146] INFO: Start to update the input of 2021-07-20 03:50:00
2021-07-20 14:58:02,420 [simulate_environment.py | 173] INFO: Get 14 unallocated order items, 16 ongoing order items, 43 completed order items
2021-07-20 14:58:02,742 [simulate_environment.py | 298] INFO: 2021-07-20 03:50:00, Item 0315580041-1: state = 1 < 2, we can not finish the simulation
2021-07-20 14:58:02,742 [simulate_environment.py | 104] INFO: **************************************************
2021-07-20 14:58:02,742 [simulate_environment.py | 108] INFO: cur time: 2021-07-20 04:00:00, pre time: 2021-07-20 03:50:00
2021-07-20 14:58:02,742 [simulate_environment.py | 146] INFO: Start to update the input of 2021-07-20 04:00:00
2021-07-20 14:58:02,745 [simulate_environment.py | 173] INFO: Get 23 unallocated order items, 12 ongoing order items, 47 completed order items
2021-07-20 14:58:02,989 [simulate_environment.py | 298] INFO: 2021-07-20 04:00:00, Item 0315580041-1: state = 1 < 2, we can not finish the simulation
2021-07-20 14:58:02,990 [simulate_environment.py | 104] INFO: **************************************************
2021-07-20 14:58:02,990 [simulate_environment.py | 108] INFO: cur time: 2021-07-20 04:10:00, pre time: 2021-07-20 04:00:00
2021-07-20 14:58:02,990 [simulate_environment.py | 146] INFO: Start to update the input of 2021-07-20 04:10:00
2021-07-20 14:58:02,992 [simulate_environment.py | 173] INFO: Get 26 unallocated order items, 9 ongoing order items, 54 completed order items
2021-07-20 14:58:03,326 [simulate_environment.py | 298] INFO: 2021-07-20 04:10:00, Item 0315580041-1: state = 1 < 2, we can not finish the simulation
2021-07-20 14:58:03,326 [simulate_environment.py | 104] INFO: **************************************************
2021-07-20 14:58:03,326 [simulate_environment.py | 108] INFO: cur time: 2021-07-20 04:20:00, pre time: 2021-07-20 04:10:00
2021-07-20 14:58:03,326 [simulate_environment.py | 146] INFO: Start to update the input of 2021-07-20 04:20:00
2021-07-20 14:58:03,344 [simulate_environment.py | 173] INFO: Get 28 unallocated order items, 16 ongoing order items, 56 completed order items
2021-07-20 14:58:03,607 [simulate_environment.py | 298] INFO: 2021-07-20 04:20:00, Item 0315580041-1: state = 1 < 2, we can not finish the simulation
2021-07-20 14:58:03,608 [simulate_environment.py | 104] INFO: **************************************************
2021-07-20 14:58:03,608 [simulate_environment.py | 108] INFO: cur time: 2021-07-20 04:30:00, pre time: 2021-07-20 04:20:00
2021-07-20 14:58:03,608 [simulate_environment.py | 146] INFO: Start to update the input of 2021-07-20 04:30:00
2021-07-20 14:58:03,610 [simulate_environment.py | 173] INFO: Get 36 unallocated order items, 18 ongoing order items, 57 completed order items
2021-07-20 14:58:03,711 [main.py         | 56] ERROR: Failed to run simulator
2021-07-20 14:58:03,714 [main.py         | 57] ERROR: Error: pop index out of range, Traceback (most recent call last):
  File "/Users/mark/Projects/PY/dpdp/main.py", line 52, in <module>
    score = simulate(Configs.factory_info_file, Configs.route_info_file, instance)
  File "/Users/mark/Projects/PY/dpdp/src/simulator/simulate_api.py", line 94, in simulate
    simulate_env.run()
  File "/Users/mark/Projects/PY/dpdp/src/simulator/simulate_environment.py", line 116, in run
    used_seconds, dispatch_result = self.my_dispatch(updated_input_info)  # 替换，方便测试
  File "/Users/mark/Projects/PY/dpdp/src/simulator/simulate_environment.py", line 264, in my_dispatch
    schedule_baseline3()
  File "/Users/mark/Projects/PY/dpdp/algorithm/baseline3.py", line 574, in schedule_baseline3
    id_to_factory)
  File "/Users/mark/Projects/PY/dpdp/algorithm/baseline3.py", line 524, in first_solution
    vehicle_id_to_planned_route = optimize_solution(solution, id_to_vehicle, time_used, w, times, t)
  File "/Users/mark/Projects/PY/dpdp/algorithm/baseline3.py", line 554, in optimize_solution
    opr.intra_reinsert(5)
  File "/Users/mark/Projects/PY/dpdp/algorithm/utils.py", line 341, in intra_reinsert
    node_p = route.pop(idx_p)  # 路线a的订单起点
IndexError: pop index out of range

