2021-07-20 13:58:07,978 [main.py         | 49] INFO: Start to run instance_10
2021-07-20 13:58:07,979 [simulate_api.py | 60] INFO: Start time of the simulator: 2021-07-20 00:00:00, time interval:  600.00
2021-07-20 13:58:07,994 [input_utils.py  | 48] INFO: Get 154 factories
2021-07-20 13:58:10,158 [input_utils.py  | 52] INFO: Get 23562 routes
2021-07-20 13:58:10,178 [input_utils.py  | 57] INFO: Get 5 vehicles
2021-07-20 13:58:10,208 [input_utils.py  | 61] INFO: Get 100 orders
2021-07-20 13:58:10,209 [simulate_api.py | 87] INFO: Initial position of V_1 is e2d5093fbe36431f8986ddb0e1c586be
2021-07-20 13:58:10,209 [simulate_api.py | 87] INFO: Initial position of V_2 is 7fe14b93f0f04ee7a994ef5b2c1fdb72
2021-07-20 13:58:10,209 [simulate_api.py | 87] INFO: Initial position of V_3 is fa366fc87a124d32926daa5bb093129f
2021-07-20 13:58:10,209 [simulate_api.py | 87] INFO: Initial position of V_4 is e47399648fa842b2b8f80094343d8091
2021-07-20 13:58:10,209 [simulate_api.py | 87] INFO: Initial position of V_5 is becb4f85393540b287e7329758b8d832
2021-07-20 13:58:10,209 [simulate_environment.py | 104] INFO: **************************************************
2021-07-20 13:58:10,209 [simulate_environment.py | 108] INFO: cur time: 2021-07-20 00:10:00, pre time: 2021-07-20 00:00:00
2021-07-20 13:58:10,209 [simulate_environment.py | 146] INFO: Start to update the input of 2021-07-20 00:10:00
2021-07-20 13:58:10,210 [simulate_environment.py | 173] INFO: Get 0 unallocated order items, 0 ongoing order items, 0 completed order items
2021-07-20 13:58:10,238 [simulate_environment.py | 298] INFO: 2021-07-20 00:10:00, Item 0010370001-1: state = 0 < 2, we can not finish the simulation
2021-07-20 13:58:10,238 [simulate_environment.py | 104] INFO: **************************************************
2021-07-20 13:58:10,238 [simulate_environment.py | 108] INFO: cur time: 2021-07-20 00:20:00, pre time: 2021-07-20 00:10:00
2021-07-20 13:58:10,238 [simulate_environment.py | 146] INFO: Start to update the input of 2021-07-20 00:20:00
2021-07-20 13:58:10,239 [simulate_environment.py | 173] INFO: Get 4 unallocated order items, 0 ongoing order items, 0 completed order items
2021-07-20 13:58:10,298 [simulate_environment.py | 298] INFO: 2021-07-20 00:20:00, Item 0010370001-1: state = 1 < 2, we can not finish the simulation
2021-07-20 13:58:10,298 [simulate_environment.py | 104] INFO: **************************************************
2021-07-20 13:58:10,298 [simulate_environment.py | 108] INFO: cur time: 2021-07-20 00:30:00, pre time: 2021-07-20 00:20:00
2021-07-20 13:58:10,298 [simulate_environment.py | 146] INFO: Start to update the input of 2021-07-20 00:30:00
2021-07-20 13:58:10,299 [simulate_environment.py | 173] INFO: Get 0 unallocated order items, 4 ongoing order items, 0 completed order items
2021-07-20 13:58:10,340 [simulate_environment.py | 298] INFO: 2021-07-20 00:30:00, Item 0221280003-1: state = 0 < 2, we can not finish the simulation
2021-07-20 13:58:10,340 [simulate_environment.py | 104] INFO: **************************************************
2021-07-20 13:58:10,340 [simulate_environment.py | 108] INFO: cur time: 2021-07-20 00:40:00, pre time: 2021-07-20 00:30:00
2021-07-20 13:58:10,340 [simulate_environment.py | 146] INFO: Start to update the input of 2021-07-20 00:40:00
2021-07-20 13:58:10,341 [simulate_environment.py | 173] INFO: Get 0 unallocated order items, 4 ongoing order items, 0 completed order items
2021-07-20 13:58:10,384 [simulate_environment.py | 298] INFO: 2021-07-20 00:40:00, Item 0221280003-1: state = 0 < 2, we can not finish the simulation
2021-07-20 13:58:10,384 [simulate_environment.py | 104] INFO: **************************************************
2021-07-20 13:58:10,384 [simulate_environment.py | 108] INFO: cur time: 2021-07-20 00:50:00, pre time: 2021-07-20 00:40:00
2021-07-20 13:58:10,384 [simulate_environment.py | 146] INFO: Start to update the input of 2021-07-20 00:50:00
2021-07-20 13:58:10,385 [simulate_environment.py | 173] INFO: Get 0 unallocated order items, 4 ongoing order items, 0 completed order items
2021-07-20 13:58:10,430 [simulate_environment.py | 298] INFO: 2021-07-20 00:50:00, Item 0221280003-1: state = 0 < 2, we can not finish the simulation
2021-07-20 13:58:10,431 [simulate_environment.py | 104] INFO: **************************************************
2021-07-20 13:58:10,431 [simulate_environment.py | 108] INFO: cur time: 2021-07-20 01:00:00, pre time: 2021-07-20 00:50:00
2021-07-20 13:58:10,431 [simulate_environment.py | 146] INFO: Start to update the input of 2021-07-20 01:00:00
2021-07-20 13:58:10,432 [simulate_environment.py | 173] INFO: Get 0 unallocated order items, 3 ongoing order items, 1 completed order items
2021-07-20 13:58:10,472 [simulate_environment.py | 298] INFO: 2021-07-20 01:00:00, Item 0221280003-1: state = 0 < 2, we can not finish the simulation
2021-07-20 13:58:10,472 [simulate_environment.py | 104] INFO: **************************************************
2021-07-20 13:58:10,472 [simulate_environment.py | 108] INFO: cur time: 2021-07-20 01:10:00, pre time: 2021-07-20 01:00:00
2021-07-20 13:58:10,472 [simulate_environment.py | 146] INFO: Start to update the input of 2021-07-20 01:10:00
2021-07-20 13:58:10,473 [simulate_environment.py | 173] INFO: Get 0 unallocated order items, 0 ongoing order items, 4 completed order items
2021-07-20 13:58:10,501 [simulate_environment.py | 298] INFO: 2021-07-20 01:10:00, Item 0221280003-1: state = 0 < 2, we can not finish the simulation
2021-07-20 13:58:10,501 [simulate_environment.py | 104] INFO: **************************************************
2021-07-20 13:58:10,501 [simulate_environment.py | 108] INFO: cur time: 2021-07-20 01:20:00, pre time: 2021-07-20 01:10:00
2021-07-20 13:58:10,501 [simulate_environment.py | 146] INFO: Start to update the input of 2021-07-20 01:20:00
2021-07-20 13:58:10,502 [simulate_environment.py | 173] INFO: Get 0 unallocated order items, 0 ongoing order items, 4 completed order items
2021-07-20 13:58:10,530 [simulate_environment.py | 298] INFO: 2021-07-20 01:20:00, Item 0221280003-1: state = 0 < 2, we can not finish the simulation
2021-07-20 13:58:10,530 [simulate_environment.py | 104] INFO: **************************************************
2021-07-20 13:58:10,530 [simulate_environment.py | 108] INFO: cur time: 2021-07-20 01:30:00, pre time: 2021-07-20 01:20:00
2021-07-20 13:58:10,530 [simulate_environment.py | 146] INFO: Start to update the input of 2021-07-20 01:30:00
2021-07-20 13:58:10,531 [simulate_environment.py | 173] INFO: Get 0 unallocated order items, 0 ongoing order items, 4 completed order items
2021-07-20 13:58:10,559 [simulate_environment.py | 298] INFO: 2021-07-20 01:30:00, Item 0221280003-1: state = 0 < 2, we can not finish the simulation
2021-07-20 13:58:10,559 [simulate_environment.py | 104] INFO: **************************************************
2021-07-20 13:58:10,559 [simulate_environment.py | 108] INFO: cur time: 2021-07-20 01:40:00, pre time: 2021-07-20 01:30:00
2021-07-20 13:58:10,559 [simulate_environment.py | 146] INFO: Start to update the input of 2021-07-20 01:40:00
2021-07-20 13:58:10,560 [simulate_environment.py | 173] INFO: Get 0 unallocated order items, 0 ongoing order items, 4 completed order items
2021-07-20 13:58:10,588 [simulate_environment.py | 298] INFO: 2021-07-20 01:40:00, Item 0221280003-1: state = 0 < 2, we can not finish the simulation
2021-07-20 13:58:10,588 [simulate_environment.py | 104] INFO: **************************************************
2021-07-20 13:58:10,588 [simulate_environment.py | 108] INFO: cur time: 2021-07-20 01:50:00, pre time: 2021-07-20 01:40:00
2021-07-20 13:58:10,588 [simulate_environment.py | 146] INFO: Start to update the input of 2021-07-20 01:50:00
2021-07-20 13:58:10,589 [simulate_environment.py | 173] INFO: Get 0 unallocated order items, 0 ongoing order items, 4 completed order items
2021-07-20 13:58:10,632 [simulate_environment.py | 298] INFO: 2021-07-20 01:50:00, Item 0221280003-1: state = 0 < 2, we can not finish the simulation
2021-07-20 13:58:10,632 [simulate_environment.py | 104] INFO: **************************************************
2021-07-20 13:58:10,632 [simulate_environment.py | 108] INFO: cur time: 2021-07-20 02:00:00, pre time: 2021-07-20 01:50:00
2021-07-20 13:58:10,632 [simulate_environment.py | 146] INFO: Start to update the input of 2021-07-20 02:00:00
2021-07-20 13:58:10,633 [simulate_environment.py | 173] INFO: Get 0 unallocated order items, 0 ongoing order items, 4 completed order items
2021-07-20 13:58:10,675 [simulate_environment.py | 298] INFO: 2021-07-20 02:00:00, Item 0221280003-1: state = 0 < 2, we can not finish the simulation
2021-07-20 13:58:10,675 [simulate_environment.py | 104] INFO: **************************************************
2021-07-20 13:58:10,675 [simulate_environment.py | 108] INFO: cur time: 2021-07-20 02:10:00, pre time: 2021-07-20 02:00:00
2021-07-20 13:58:10,675 [simulate_environment.py | 146] INFO: Start to update the input of 2021-07-20 02:10:00
2021-07-20 13:58:10,676 [simulate_environment.py | 173] INFO: Get 0 unallocated order items, 0 ongoing order items, 4 completed order items
2021-07-20 13:58:10,706 [simulate_environment.py | 298] INFO: 2021-07-20 02:10:00, Item 0221280003-1: state = 0 < 2, we can not finish the simulation
2021-07-20 13:58:10,707 [simulate_environment.py | 104] INFO: **************************************************
2021-07-20 13:58:10,707 [simulate_environment.py | 108] INFO: cur time: 2021-07-20 02:20:00, pre time: 2021-07-20 02:10:00
2021-07-20 13:58:10,707 [simulate_environment.py | 146] INFO: Start to update the input of 2021-07-20 02:20:00
2021-07-20 13:58:10,708 [simulate_environment.py | 173] INFO: Get 0 unallocated order items, 0 ongoing order items, 4 completed order items
2021-07-20 13:58:10,736 [simulate_environment.py | 298] INFO: 2021-07-20 02:20:00, Item 0221280003-1: state = 0 < 2, we can not finish the simulation
2021-07-20 13:58:10,736 [simulate_environment.py | 104] INFO: **************************************************
2021-07-20 13:58:10,736 [simulate_environment.py | 108] INFO: cur time: 2021-07-20 02:30:00, pre time: 2021-07-20 02:20:00
2021-07-20 13:58:10,736 [simulate_environment.py | 146] INFO: Start to update the input of 2021-07-20 02:30:00
2021-07-20 13:58:10,737 [simulate_environment.py | 173] INFO: Get 1 unallocated order items, 0 ongoing order items, 4 completed order items
2021-07-20 13:58:10,779 [simulate_environment.py | 298] INFO: 2021-07-20 02:30:00, Item 0221280003-1: state = 1 < 2, we can not finish the simulation
2021-07-20 13:58:10,779 [simulate_environment.py | 104] INFO: **************************************************
2021-07-20 13:58:10,779 [simulate_environment.py | 108] INFO: cur time: 2021-07-20 02:40:00, pre time: 2021-07-20 02:30:00
2021-07-20 13:58:10,780 [simulate_environment.py | 146] INFO: Start to update the input of 2021-07-20 02:40:00
2021-07-20 13:58:10,781 [simulate_environment.py | 173] INFO: Get 1 unallocated order items, 0 ongoing order items, 4 completed order items
2021-07-20 13:58:10,820 [simulate_environment.py | 298] INFO: 2021-07-20 02:40:00, Item 0221280003-1: state = 1 < 2, we can not finish the simulation
2021-07-20 13:58:10,820 [simulate_environment.py | 104] INFO: **************************************************
2021-07-20 13:58:10,820 [simulate_environment.py | 108] INFO: cur time: 2021-07-20 02:50:00, pre time: 2021-07-20 02:40:00
2021-07-20 13:58:10,820 [simulate_environment.py | 146] INFO: Start to update the input of 2021-07-20 02:50:00
2021-07-20 13:58:10,821 [simulate_environment.py | 173] INFO: Get 1 unallocated order items, 0 ongoing order items, 4 completed order items
2021-07-20 13:58:10,861 [simulate_environment.py | 298] INFO: 2021-07-20 02:50:00, Item 0221280003-1: state = 1 < 2, we can not finish the simulation
2021-07-20 13:58:10,861 [simulate_environment.py | 104] INFO: **************************************************
2021-07-20 13:58:10,861 [simulate_environment.py | 108] INFO: cur time: 2021-07-20 03:00:00, pre time: 2021-07-20 02:50:00
2021-07-20 13:58:10,861 [simulate_environment.py | 146] INFO: Start to update the input of 2021-07-20 03:00:00
2021-07-20 13:58:10,862 [simulate_environment.py | 173] INFO: Get 1 unallocated order items, 0 ongoing order items, 4 completed order items
2021-07-20 13:58:10,901 [simulate_environment.py | 298] INFO: 2021-07-20 03:00:00, Item 0221280003-1: state = 1 < 2, we can not finish the simulation
2021-07-20 13:58:10,901 [simulate_environment.py | 104] INFO: **************************************************
2021-07-20 13:58:10,901 [simulate_environment.py | 108] INFO: cur time: 2021-07-20 03:10:00, pre time: 2021-07-20 03:00:00
2021-07-20 13:58:10,901 [simulate_environment.py | 146] INFO: Start to update the input of 2021-07-20 03:10:00
2021-07-20 13:58:10,902 [simulate_environment.py | 173] INFO: Get 23 unallocated order items, 1 ongoing order items, 4 completed order items
2021-07-20 13:58:11,023 [simulate_environment.py | 298] INFO: 2021-07-20 03:10:00, Item 0302310004-1: state = 1 < 2, we can not finish the simulation
2021-07-20 13:58:11,023 [simulate_environment.py | 104] INFO: **************************************************
2021-07-20 13:58:11,023 [simulate_environment.py | 108] INFO: cur time: 2021-07-20 03:20:00, pre time: 2021-07-20 03:10:00
2021-07-20 13:58:11,023 [simulate_environment.py | 146] INFO: Start to update the input of 2021-07-20 03:20:00
2021-07-20 13:58:11,025 [simulate_environment.py | 173] INFO: Get 39 unallocated order items, 1 ongoing order items, 4 completed order items
2021-07-20 13:58:11,309 [simulate_environment.py | 298] INFO: 2021-07-20 03:20:00, Item 0302310004-1: state = 1 < 2, we can not finish the simulation
2021-07-20 13:58:11,309 [simulate_environment.py | 104] INFO: **************************************************
2021-07-20 13:58:11,309 [simulate_environment.py | 108] INFO: cur time: 2021-07-20 03:30:00, pre time: 2021-07-20 03:20:00
2021-07-20 13:58:11,309 [simulate_environment.py | 146] INFO: Start to update the input of 2021-07-20 03:30:00
2021-07-20 13:58:11,311 [simulate_environment.py | 173] INFO: Get 19 unallocated order items, 24 ongoing order items, 4 completed order items
2021-07-20 13:58:11,648 [simulate_environment.py | 298] INFO: 2021-07-20 03:30:00, Item 0312080006-1: state = 1 < 2, we can not finish the simulation
2021-07-20 13:58:11,649 [simulate_environment.py | 104] INFO: **************************************************
2021-07-20 13:58:11,649 [simulate_environment.py | 108] INFO: cur time: 2021-07-20 03:40:00, pre time: 2021-07-20 03:30:00
2021-07-20 13:58:11,650 [simulate_environment.py | 146] INFO: Start to update the input of 2021-07-20 03:40:00
2021-07-20 13:58:11,651 [simulate_environment.py | 173] INFO: Get 19 unallocated order items, 24 ongoing order items, 4 completed order items
2021-07-20 13:58:11,987 [simulate_environment.py | 298] INFO: 2021-07-20 03:40:00, Item 0312080006-1: state = 1 < 2, we can not finish the simulation
2021-07-20 13:58:11,987 [simulate_environment.py | 104] INFO: **************************************************
2021-07-20 13:58:11,987 [simulate_environment.py | 108] INFO: cur time: 2021-07-20 03:50:00, pre time: 2021-07-20 03:40:00
2021-07-20 13:58:11,988 [simulate_environment.py | 146] INFO: Start to update the input of 2021-07-20 03:50:00
2021-07-20 13:58:11,989 [simulate_environment.py | 173] INFO: Get 20 unallocated order items, 24 ongoing order items, 4 completed order items
2021-07-20 13:58:12,394 [simulate_environment.py | 298] INFO: 2021-07-20 03:50:00, Item 0312080006-1: state = 1 < 2, we can not finish the simulation
2021-07-20 13:58:12,395 [simulate_environment.py | 104] INFO: **************************************************
2021-07-20 13:58:12,395 [simulate_environment.py | 108] INFO: cur time: 2021-07-20 04:00:00, pre time: 2021-07-20 03:50:00
2021-07-20 13:58:12,395 [simulate_environment.py | 146] INFO: Start to update the input of 2021-07-20 04:00:00
2021-07-20 13:58:12,397 [simulate_environment.py | 173] INFO: Get 20 unallocated order items, 24 ongoing order items, 4 completed order items
2021-07-20 13:58:12,734 [simulate_environment.py | 298] INFO: 2021-07-20 04:00:00, Item 0312080006-1: state = 1 < 2, we can not finish the simulation
2021-07-20 13:58:12,734 [simulate_environment.py | 104] INFO: **************************************************
2021-07-20 13:58:12,734 [simulate_environment.py | 108] INFO: cur time: 2021-07-20 04:10:00, pre time: 2021-07-20 04:00:00
2021-07-20 13:58:12,734 [simulate_environment.py | 146] INFO: Start to update the input of 2021-07-20 04:10:00
2021-07-20 13:58:12,736 [simulate_environment.py | 173] INFO: Get 5 unallocated order items, 39 ongoing order items, 5 completed order items
2021-07-20 13:58:13,094 [simulate_environment.py | 298] INFO: 2021-07-20 04:10:00, Item 0320140007-1: state = 1 < 2, we can not finish the simulation
2021-07-20 13:58:13,095 [simulate_environment.py | 104] INFO: **************************************************
2021-07-20 13:58:13,095 [simulate_environment.py | 108] INFO: cur time: 2021-07-20 04:20:00, pre time: 2021-07-20 04:10:00
2021-07-20 13:58:13,095 [simulate_environment.py | 146] INFO: Start to update the input of 2021-07-20 04:20:00
2021-07-20 13:58:13,096 [simulate_environment.py | 173] INFO: Get 6 unallocated order items, 39 ongoing order items, 5 completed order items
2021-07-20 13:58:13,499 [simulate_environment.py | 298] INFO: 2021-07-20 04:20:00, Item 0320140007-1: state = 1 < 2, we can not finish the simulation
2021-07-20 13:58:13,500 [simulate_environment.py | 104] INFO: **************************************************
2021-07-20 13:58:13,500 [simulate_environment.py | 108] INFO: cur time: 2021-07-20 04:30:00, pre time: 2021-07-20 04:20:00
2021-07-20 13:58:13,500 [simulate_environment.py | 146] INFO: Start to update the input of 2021-07-20 04:30:00
2021-07-20 13:58:13,502 [simulate_environment.py | 173] INFO: Get 7 unallocated order items, 39 ongoing order items, 5 completed order items
2021-07-20 13:58:13,558 [main.py         | 56] ERROR: Failed to run simulator
2021-07-20 13:58:13,560 [main.py         | 57] ERROR: Error: pop index out of range, Traceback (most recent call last):
  File "/Users/mark/Projects/PY/dpdp/main.py", line 52, in <module>
    score = simulate(Configs.factory_info_file, Configs.route_info_file, instance)
  File "/Users/mark/Projects/PY/dpdp/src/simulator/simulate_api.py", line 94, in simulate
    simulate_env.run()
  File "/Users/mark/Projects/PY/dpdp/src/simulator/simulate_environment.py", line 116, in run
    used_seconds, dispatch_result = self.my_dispatch(updated_input_info)  # 替换，方便测试
  File "/Users/mark/Projects/PY/dpdp/src/simulator/simulate_environment.py", line 264, in my_dispatch
    schedule_baseline3()
  File "/Users/mark/Projects/PY/dpdp/algorithm/baseline3.py", line 573, in schedule_baseline3
    id_to_factory)
  File "/Users/mark/Projects/PY/dpdp/algorithm/baseline3.py", line 524, in first_solution
    vehicle_id_to_planned_route = optimize_solution(solution, id_to_vehicle, time_used, w, times, t)
  File "/Users/mark/Projects/PY/dpdp/algorithm/baseline3.py", line 551, in optimize_solution
    opr.reinsert(w[1]*t)  # 路径间 移动订单
  File "/Users/mark/Projects/PY/dpdp/algorithm/utils.py", line 230, in reinsert
    tmp_node_p = route_a.pop(p_idx)
IndexError: pop index out of range

